<?xml version="1.0" encoding="UTF-8"?>
<!-- Generated by org.testng.reporters.JUnitXMLReporter -->
<testsuite ignored="5" hostname="DESKTOP-EQ55Q8H" failures="0" tests="1" name="Default test" time="2.095" errors="0" timestamp="2025-01-17T13:03:03 IST">
  <testcase classname="reqresTestCase.CreateuserForNormalWay" name="updateUserDetailsUsingReqSpec" time="2.067"/>
  <testcase classname="reqresTestCase.CreateuserForNormalWay" name="createUserForGorestUsingPogoClassUserInput" time="0.0">
    <ignored/>
  </testcase> <!-- createUserForGorestUsingPogoClassUserInput -->
  <testcase classname="reqresTestCase.CreateuserForNormalWay" name="createUserForGorestUsingPogoClass" time="0.0">
    <ignored/>
  </testcase> <!-- createUserForGorestUsingPogoClass -->
  <testcase classname="reqresTestCase.CreateuserForNormalWay" name="createUserWithValidData" time="0.0">
    <ignored/>
  </testcase> <!-- createUserWithValidData -->
  <testcase classname="reqresTestCase.CreateuserForNormalWay" name="creatUserUsingPogo" time="0.0">
    <ignored/>
  </testcase> <!-- creatUserUsingPogo -->
  <testcase classname="reqresTestCase.CreateuserForNormalWay" name="getUserUsingReqSpec" time="0.0">
    <ignored/>
  </testcase> <!-- getUserUsingReqSpec -->
</testsuite> <!-- Default test -->
