<?xml version="1.0" encoding="UTF-8"?>
<!-- Generated by org.testng.reporters.JUnitXMLReporter -->
<testsuite ignored="7" hostname="DESKTOP-EQ55Q8H" failures="0" tests="1" name="Default test" time="2.223" errors="0" timestamp="2025-01-29T09:29:08 IST">
  <testcase classname="reqresTestCase.CreateuserForNormalWay" name="updateUserDetailsUsingReqSpec" time="2.195"/>
  <testcase classname="reqresTestCase.CreateuserForNormalWay" name="createUserForGorestUsingPogoClassUserInput" time="0.0">
    <ignored/>
  </testcase> <!-- createUserForGorestUsingPogoClassUserInput -->
  <testcase classname="reqresTestCase.CreateuserForNormalWay" name="deletUserUsingReqSpec" time="0.0">
    <ignored/>
  </testcase> <!-- deletUserUsingReqSpec -->
  <testcase classname="reqresTestCase.CreateuserForNormalWay" name="updateAllUserDetailsUsingReqSpec" time="0.0">
    <ignored/>
  </testcase> <!-- updateAllUserDetailsUsingReqSpec -->
  <testcase classname="reqresTestCase.CreateuserForNormalWay" name="createUserForGorestUsingPogoClass" time="0.0">
    <ignored/>
  </testcase> <!-- createUserForGorestUsingPogoClass -->
  <testcase classname="reqresTestCase.CreateuserForNormalWay" name="createUserWithValidData" time="0.0">
    <ignored/>
  </testcase> <!-- createUserWithValidData -->
  <testcase classname="reqresTestCase.CreateuserForNormalWay" name="creatUserUsingPogo" time="0.0">
    <ignored/>
  </testcase> <!-- creatUserUsingPogo -->
  <testcase classname="reqresTestCase.CreateuserForNormalWay" name="getUserUsingReqSpec" time="0.0">
    <ignored/>
  </testcase> <!-- getUserUsingReqSpec -->
</testsuite> <!-- Default test -->
